1718860805.138593 client started (3083): version 3.4, socket /private/tmp/tmux-501/default, protocol 8
1718860805.138658 on Darwin 21.6.0 Darwin Kernel Version 21.6.0: Wed Apr 24 06:02:02 PDT 2024; root:xnu-8020.240.18.708.4~1/RELEASE_X86_64
1718860805.138678 using libevent 2.1.12-stable select
1718860805.138693 using utf8proc 2.9.0
1718860805.138702 using ncurses 6.5 20240427
1718860805.138732 flags are 0x18010000
1718860805.138742 socket is /private/tmp/tmux-501/default
1718860805.138758 trying connect
1718860805.138777 connect failed: Connection refused
1718860805.138800 lock file is /private/tmp/tmux-501/default.lock
1718860805.138905 flock succeeded
1718860805.138918 got lock (7)
1718860805.138929 trying connect
1718860805.138942 connect failed: Connection refused
1718860805.139454 add peer 0x7fb2a4031000: 8 (0x0)
1718860805.141864 sending message 100 to peer 0x7fb2a4031000 (4 bytes)
1718860805.141891 sending message 111 to peer 0x7fb2a4031000 (8 bytes)
1718860805.141903 sending message 101 to peer 0x7fb2a4031000 (15 bytes)
1718860805.141914 sending message 109 to peer 0x7fb2a4031000 (4 bytes)
1718860805.141925 sending message 102 to peer 0x7fb2a4031000 (13 bytes)
1718860805.141936 sending message 108 to peer 0x7fb2a4031000 (43 bytes)
1718860805.141946 sending message 112 to peer 0x7fb2a4031000 (58 bytes)
1718860805.141956 sending message 112 to peer 0x7fb2a4031000 (5 bytes)
1718860805.141967 sending message 112 to peer 0x7fb2a4031000 (5 bytes)
1718860805.141977 sending message 112 to peer 0x7fb2a4031000 (6 bytes)
1718860805.141988 sending message 112 to peer 0x7fb2a4031000 (6 bytes)
1718860805.141998 sending message 112 to peer 0x7fb2a4031000 (11 bytes)
1718860805.142008 sending message 112 to peer 0x7fb2a4031000 (10 bytes)
1718860805.142018 sending message 112 to peer 0x7fb2a4031000 (13 bytes)
1718860805.142028 sending message 112 to peer 0x7fb2a4031000 (14 bytes)
1718860805.142037 sending message 112 to peer 0x7fb2a4031000 (19 bytes)
1718860805.142048 sending message 112 to peer 0x7fb2a4031000 (11 bytes)
1718860805.142058 sending message 112 to peer 0x7fb2a4031000 (10 bytes)
1718860805.142068 sending message 112 to peer 0x7fb2a4031000 (15 bytes)
1718860805.142078 sending message 112 to peer 0x7fb2a4031000 (21 bytes)
1718860805.142088 sending message 112 to peer 0x7fb2a4031000 (13 bytes)
1718860805.142097 sending message 112 to peer 0x7fb2a4031000 (7 bytes)
1718860805.142107 sending message 112 to peer 0x7fb2a4031000 (13 bytes)
1718860805.142117 sending message 112 to peer 0x7fb2a4031000 (7 bytes)
1718860805.142127 sending message 112 to peer 0x7fb2a4031000 (13 bytes)
1718860805.142137 sending message 112 to peer 0x7fb2a4031000 (9 bytes)
1718860805.142148 sending message 112 to peer 0x7fb2a4031000 (21 bytes)
1718860805.142158 sending message 112 to peer 0x7fb2a4031000 (13 bytes)
1718860805.142168 sending message 112 to peer 0x7fb2a4031000 (9 bytes)
1718860805.142177 sending message 112 to peer 0x7fb2a4031000 (16 bytes)
1718860805.142188 sending message 112 to peer 0x7fb2a4031000 (13 bytes)
1718860805.142197 sending message 112 to peer 0x7fb2a4031000 (9 bytes)
1718860805.142208 sending message 112 to peer 0x7fb2a4031000 (9 bytes)
1718860805.142218 sending message 112 to peer 0x7fb2a4031000 (12 bytes)
1718860805.142228 sending message 112 to peer 0x7fb2a4031000 (8 bytes)
1718860805.142238 sending message 112 to peer 0x7fb2a4031000 (8 bytes)
1718860805.142248 sending message 112 to peer 0x7fb2a4031000 (13 bytes)
1718860805.142261 sending message 112 to peer 0x7fb2a4031000 (7 bytes)
1718860805.142271 sending message 112 to peer 0x7fb2a4031000 (7 bytes)
1718860805.142280 sending message 112 to peer 0x7fb2a4031000 (9 bytes)
1718860805.142290 sending message 112 to peer 0x7fb2a4031000 (9 bytes)
1718860805.142300 sending message 112 to peer 0x7fb2a4031000 (15 bytes)
1718860805.142310 sending message 112 to peer 0x7fb2a4031000 (13 bytes)
1718860805.142319 sending message 112 to peer 0x7fb2a4031000 (12 bytes)
1718860805.142329 sending message 112 to peer 0x7fb2a4031000 (8 bytes)
1718860805.142339 sending message 112 to peer 0x7fb2a4031000 (14 bytes)
1718860805.142378 sending message 112 to peer 0x7fb2a4031000 (11 bytes)
1718860805.142387 sending message 112 to peer 0x7fb2a4031000 (9 bytes)
1718860805.142394 sending message 112 to peer 0x7fb2a4031000 (10 bytes)
1718860805.142402 sending message 112 to peer 0x7fb2a4031000 (10 bytes)
1718860805.142410 sending message 112 to peer 0x7fb2a4031000 (10 bytes)
1718860805.142417 sending message 112 to peer 0x7fb2a4031000 (10 bytes)
1718860805.142425 sending message 112 to peer 0x7fb2a4031000 (11 bytes)
1718860805.142431 sending message 112 to peer 0x7fb2a4031000 (12 bytes)
1718860805.142438 sending message 112 to peer 0x7fb2a4031000 (12 bytes)
1718860805.142445 sending message 112 to peer 0x7fb2a4031000 (12 bytes)
1718860805.142451 sending message 112 to peer 0x7fb2a4031000 (12 bytes)
1718860805.142457 sending message 112 to peer 0x7fb2a4031000 (12 bytes)
1718860805.142464 sending message 112 to peer 0x7fb2a4031000 (11 bytes)
1718860805.142470 sending message 112 to peer 0x7fb2a4031000 (11 bytes)
1718860805.142476 sending message 112 to peer 0x7fb2a4031000 (12 bytes)
1718860805.142482 sending message 112 to peer 0x7fb2a4031000 (12 bytes)
1718860805.142488 sending message 112 to peer 0x7fb2a4031000 (12 bytes)
1718860805.142498 sending message 112 to peer 0x7fb2a4031000 (12 bytes)
1718860805.142506 sending message 112 to peer 0x7fb2a4031000 (12 bytes)
1718860805.142514 sending message 112 to peer 0x7fb2a4031000 (9 bytes)
1718860805.142521 sending message 112 to peer 0x7fb2a4031000 (12 bytes)
1718860805.142528 sending message 112 to peer 0x7fb2a4031000 (13 bytes)
1718860805.142535 sending message 112 to peer 0x7fb2a4031000 (13 bytes)
1718860805.142542 sending message 112 to peer 0x7fb2a4031000 (13 bytes)
1718860805.142548 sending message 112 to peer 0x7fb2a4031000 (13 bytes)
1718860805.142554 sending message 112 to peer 0x7fb2a4031000 (13 bytes)
1718860805.142560 sending message 112 to peer 0x7fb2a4031000 (8 bytes)
1718860805.142566 sending message 112 to peer 0x7fb2a4031000 (11 bytes)
1718860805.142572 sending message 112 to peer 0x7fb2a4031000 (11 bytes)
1718860805.142579 sending message 112 to peer 0x7fb2a4031000 (11 bytes)
1718860805.142585 sending message 112 to peer 0x7fb2a4031000 (12 bytes)
1718860805.142590 sending message 112 to peer 0x7fb2a4031000 (12 bytes)
1718860805.142596 sending message 112 to peer 0x7fb2a4031000 (12 bytes)
1718860805.142601 sending message 112 to peer 0x7fb2a4031000 (12 bytes)
1718860805.142607 sending message 112 to peer 0x7fb2a4031000 (13 bytes)
1718860805.142613 sending message 112 to peer 0x7fb2a4031000 (13 bytes)
1718860805.142619 sending message 112 to peer 0x7fb2a4031000 (13 bytes)
1718860805.142625 sending message 112 to peer 0x7fb2a4031000 (8 bytes)
1718860805.142631 sending message 112 to peer 0x7fb2a4031000 (13 bytes)
1718860805.142638 sending message 112 to peer 0x7fb2a4031000 (13 bytes)
1718860805.142646 sending message 112 to peer 0x7fb2a4031000 (13 bytes)
1718860805.142653 sending message 112 to peer 0x7fb2a4031000 (13 bytes)
1718860805.142660 sending message 112 to peer 0x7fb2a4031000 (13 bytes)
1718860805.142666 sending message 112 to peer 0x7fb2a4031000 (12 bytes)
1718860805.142673 sending message 112 to peer 0x7fb2a4031000 (12 bytes)
1718860805.142680 sending message 112 to peer 0x7fb2a4031000 (12 bytes)
1718860805.142686 sending message 112 to peer 0x7fb2a4031000 (12 bytes)
1718860805.142692 sending message 112 to peer 0x7fb2a4031000 (13 bytes)
1718860805.142698 sending message 112 to peer 0x7fb2a4031000 (8 bytes)
1718860805.142704 sending message 112 to peer 0x7fb2a4031000 (13 bytes)
1718860805.142710 sending message 112 to peer 0x7fb2a4031000 (13 bytes)
1718860805.142717 sending message 112 to peer 0x7fb2a4031000 (13 bytes)
1718860805.142723 sending message 112 to peer 0x7fb2a4031000 (13 bytes)
1718860805.142729 sending message 112 to peer 0x7fb2a4031000 (13 bytes)
1718860805.142734 sending message 112 to peer 0x7fb2a4031000 (13 bytes)
1718860805.142740 sending message 112 to peer 0x7fb2a4031000 (13 bytes)
1718860805.142745 sending message 112 to peer 0x7fb2a4031000 (12 bytes)
1718860805.142764 sending message 112 to peer 0x7fb2a4031000 (12 bytes)
1718860805.142770 sending message 112 to peer 0x7fb2a4031000 (12 bytes)
1718860805.142777 sending message 112 to peer 0x7fb2a4031000 (8 bytes)
1718860805.142782 sending message 112 to peer 0x7fb2a4031000 (12 bytes)
1718860805.142789 sending message 112 to peer 0x7fb2a4031000 (13 bytes)
1718860805.142797 sending message 112 to peer 0x7fb2a4031000 (13 bytes)
1718860805.142803 sending message 112 to peer 0x7fb2a4031000 (13 bytes)
1718860805.142810 sending message 112 to peer 0x7fb2a4031000 (13 bytes)
1718860805.142816 sending message 112 to peer 0x7fb2a4031000 (13 bytes)
1718860805.142822 sending message 112 to peer 0x7fb2a4031000 (13 bytes)
1718860805.142828 sending message 112 to peer 0x7fb2a4031000 (13 bytes)
1718860805.142835 sending message 112 to peer 0x7fb2a4031000 (13 bytes)
1718860805.142840 sending message 112 to peer 0x7fb2a4031000 (12 bytes)
1718860805.142846 sending message 112 to peer 0x7fb2a4031000 (10 bytes)
1718860805.142851 sending message 112 to peer 0x7fb2a4031000 (12 bytes)
1718860805.142858 sending message 112 to peer 0x7fb2a4031000 (12 bytes)
1718860805.142863 sending message 112 to peer 0x7fb2a4031000 (12 bytes)
1718860805.142869 sending message 112 to peer 0x7fb2a4031000 (13 bytes)
1718860805.142875 sending message 112 to peer 0x7fb2a4031000 (13 bytes)
1718860805.142881 sending message 112 to peer 0x7fb2a4031000 (13 bytes)
1718860805.142887 sending message 112 to peer 0x7fb2a4031000 (13 bytes)
1718860805.142893 sending message 112 to peer 0x7fb2a4031000 (13 bytes)
1718860805.142899 sending message 112 to peer 0x7fb2a4031000 (13 bytes)
1718860805.142905 sending message 112 to peer 0x7fb2a4031000 (13 bytes)
1718860805.142915 sending message 112 to peer 0x7fb2a4031000 (10 bytes)
1718860805.142922 sending message 112 to peer 0x7fb2a4031000 (13 bytes)
1718860805.142928 sending message 112 to peer 0x7fb2a4031000 (12 bytes)
1718860805.142934 sending message 112 to peer 0x7fb2a4031000 (12 bytes)
1718860805.142941 sending message 112 to peer 0x7fb2a4031000 (12 bytes)
1718860805.142947 sending message 112 to peer 0x7fb2a4031000 (10 bytes)
1718860805.142952 sending message 112 to peer 0x7fb2a4031000 (10 bytes)
1718860805.142960 sending message 112 to peer 0x7fb2a4031000 (10 bytes)
1718860805.142967 sending message 112 to peer 0x7fb2a4031000 (12 bytes)
1718860805.142974 sending message 112 to peer 0x7fb2a4031000 (13 bytes)
1718860805.142981 sending message 112 to peer 0x7fb2a4031000 (13 bytes)
1718860805.142987 sending message 112 to peer 0x7fb2a4031000 (13 bytes)
1718860805.142994 sending message 112 to peer 0x7fb2a4031000 (13 bytes)
1718860805.143000 sending message 112 to peer 0x7fb2a4031000 (13 bytes)
1718860805.143006 sending message 112 to peer 0x7fb2a4031000 (10 bytes)
1718860805.143013 sending message 112 to peer 0x7fb2a4031000 (11 bytes)
1718860805.143019 sending message 112 to peer 0x7fb2a4031000 (12 bytes)
1718860805.143025 sending message 112 to peer 0x7fb2a4031000 (12 bytes)
1718860805.143031 sending message 112 to peer 0x7fb2a4031000 (12 bytes)
1718860805.143037 sending message 112 to peer 0x7fb2a4031000 (12 bytes)
1718860805.143044 sending message 112 to peer 0x7fb2a4031000 (12 bytes)
1718860805.143050 sending message 112 to peer 0x7fb2a4031000 (11 bytes)
1718860805.143055 sending message 112 to peer 0x7fb2a4031000 (12 bytes)
1718860805.143061 sending message 112 to peer 0x7fb2a4031000 (12 bytes)
1718860805.143067 sending message 112 to peer 0x7fb2a4031000 (13 bytes)
1718860805.143073 sending message 112 to peer 0x7fb2a4031000 (13 bytes)
1718860805.143080 sending message 112 to peer 0x7fb2a4031000 (13 bytes)
1718860805.143086 sending message 112 to peer 0x7fb2a4031000 (13 bytes)
1718860805.143092 sending message 112 to peer 0x7fb2a4031000 (13 bytes)
1718860805.143098 sending message 112 to peer 0x7fb2a4031000 (10 bytes)
1718860805.143104 sending message 112 to peer 0x7fb2a4031000 (9 bytes)
1718860805.143110 sending message 112 to peer 0x7fb2a4031000 (12 bytes)
1718860805.143117 sending message 112 to peer 0x7fb2a4031000 (13 bytes)
1718860805.143136 sending message 112 to peer 0x7fb2a4031000 (13 bytes)
1718860805.143144 sending message 112 to peer 0x7fb2a4031000 (13 bytes)
1718860805.143151 sending message 112 to peer 0x7fb2a4031000 (13 bytes)
1718860805.143157 sending message 112 to peer 0x7fb2a4031000 (13 bytes)
1718860805.143164 sending message 112 to peer 0x7fb2a4031000 (9 bytes)
1718860805.143170 sending message 112 to peer 0x7fb2a4031000 (12 bytes)
1718860805.143176 sending message 112 to peer 0x7fb2a4031000 (13 bytes)
1718860805.143182 sending message 112 to peer 0x7fb2a4031000 (13 bytes)
1718860805.143188 sending message 112 to peer 0x7fb2a4031000 (13 bytes)
1718860805.143196 sending message 112 to peer 0x7fb2a4031000 (13 bytes)
1718860805.143201 sending message 112 to peer 0x7fb2a4031000 (13 bytes)
1718860805.143208 sending message 112 to peer 0x7fb2a4031000 (11 bytes)
1718860805.143214 sending message 112 to peer 0x7fb2a4031000 (12 bytes)
1718860805.143221 sending message 112 to peer 0x7fb2a4031000 (13 bytes)
1718860805.143228 sending message 112 to peer 0x7fb2a4031000 (13 bytes)
1718860805.143235 sending message 112 to peer 0x7fb2a4031000 (13 bytes)
1718860805.143242 sending message 112 to peer 0x7fb2a4031000 (13 bytes)
1718860805.143249 sending message 112 to peer 0x7fb2a4031000 (13 bytes)
1718860805.143255 sending message 112 to peer 0x7fb2a4031000 (11 bytes)
1718860805.143261 sending message 112 to peer 0x7fb2a4031000 (12 bytes)
1718860805.143267 sending message 112 to peer 0x7fb2a4031000 (12 bytes)
1718860805.143274 sending message 112 to peer 0x7fb2a4031000 (12 bytes)
1718860805.143279 sending message 112 to peer 0x7fb2a4031000 (12 bytes)
1718860805.143285 sending message 112 to peer 0x7fb2a4031000 (12 bytes)
1718860805.143292 sending message 112 to peer 0x7fb2a4031000 (21 bytes)
1718860805.143298 sending message 112 to peer 0x7fb2a4031000 (12 bytes)
1718860805.143304 sending message 112 to peer 0x7fb2a4031000 (9 bytes)
1718860805.143310 sending message 112 to peer 0x7fb2a4031000 (6 bytes)
1718860805.143317 sending message 112 to peer 0x7fb2a4031000 (13 bytes)
1718860805.143324 sending message 112 to peer 0x7fb2a4031000 (10 bytes)
1718860805.143330 sending message 112 to peer 0x7fb2a4031000 (24 bytes)
1718860805.143339 sending message 112 to peer 0x7fb2a4031000 (13 bytes)
1718860805.143345 sending message 112 to peer 0x7fb2a4031000 (9 bytes)
1718860805.143352 sending message 112 to peer 0x7fb2a4031000 (70 bytes)
1718860805.143358 sending message 112 to peer 0x7fb2a4031000 (69 bytes)
1718860805.143364 sending message 112 to peer 0x7fb2a4031000 (12 bytes)
1718860805.143370 sending message 112 to peer 0x7fb2a4031000 (10 bytes)
1718860805.143378 sending message 112 to peer 0x7fb2a4031000 (10 bytes)
1718860805.143385 sending message 112 to peer 0x7fb2a4031000 (24 bytes)
1718860805.143393 sending message 112 to peer 0x7fb2a4031000 (13 bytes)
1718860805.143401 sending message 112 to peer 0x7fb2a4031000 (10 bytes)
1718860805.143407 sending message 112 to peer 0x7fb2a4031000 (10 bytes)
1718860805.143414 sending message 112 to peer 0x7fb2a4031000 (10 bytes)
1718860805.143420 sending message 112 to peer 0x7fb2a4031000 (13 bytes)
1718860805.143427 sending message 112 to peer 0x7fb2a4031000 (15 bytes)
1718860805.143433 sending message 112 to peer 0x7fb2a4031000 (5 bytes)
1718860805.143441 sending message 104 to peer 0x7fb2a4031000 (0 bytes)
1718860805.143449 sending message 110 to peer 0x7fb2a4031000 (0 bytes)
1718860805.143456 sending message 107 to peer 0x7fb2a4031000 (4 bytes)
1718860805.143463 sending message 105 to peer 0x7fb2a4031000 (60 bytes)
1718860805.143470 sending message 105 to peer 0x7fb2a4031000 (62 bytes)
1718860805.143477 sending message 105 to peer 0x7fb2a4031000 (26 bytes)
1718860805.143483 sending message 105 to peer 0x7fb2a4031000 (15 bytes)
1718860805.143488 sending message 105 to peer 0x7fb2a4031000 (22 bytes)
1718860805.143494 sending message 105 to peer 0x7fb2a4031000 (14 bytes)
1718860805.143501 sending message 105 to peer 0x7fb2a4031000 (17 bytes)
1718860805.143509 sending message 105 to peer 0x7fb2a4031000 (47 bytes)
1718860805.143528 sending message 105 to peer 0x7fb2a4031000 (25 bytes)
1718860805.143536 sending message 105 to peer 0x7fb2a4031000 (43 bytes)
1718860805.143543 sending message 105 to peer 0x7fb2a4031000 (27 bytes)
1718860805.143549 sending message 105 to peer 0x7fb2a4031000 (23 bytes)
1718860805.143555 sending message 105 to peer 0x7fb2a4031000 (1039 bytes)
1718860805.143562 sending message 105 to peer 0x7fb2a4031000 (19 bytes)
1718860805.143568 sending message 105 to peer 0x7fb2a4031000 (20 bytes)
1718860805.143575 sending message 105 to peer 0x7fb2a4031000 (22 bytes)
1718860805.143581 sending message 105 to peer 0x7fb2a4031000 (20 bytes)
1718860805.143587 sending message 105 to peer 0x7fb2a4031000 (24 bytes)
1718860805.143593 sending message 105 to peer 0x7fb2a4031000 (57 bytes)
1718860805.143599 sending message 105 to peer 0x7fb2a4031000 (17 bytes)
1718860805.143605 sending message 105 to peer 0x7fb2a4031000 (19 bytes)
1718860805.143612 sending message 105 to peer 0x7fb2a4031000 (20 bytes)
1718860805.143617 sending message 105 to peer 0x7fb2a4031000 (61 bytes)
1718860805.143623 sending message 105 to peer 0x7fb2a4031000 (32 bytes)
1718860805.143630 sending message 105 to peer 0x7fb2a4031000 (8 bytes)
1718860805.143636 sending message 105 to peer 0x7fb2a4031000 (26 bytes)
1718860805.143642 sending message 105 to peer 0x7fb2a4031000 (13 bytes)
1718860805.143650 sending message 105 to peer 0x7fb2a4031000 (11 bytes)
1718860805.143656 sending message 105 to peer 0x7fb2a4031000 (11 bytes)
1718860805.143663 sending message 105 to peer 0x7fb2a4031000 (11 bytes)
1718860805.143670 sending message 105 to peer 0x7fb2a4031000 (31 bytes)
1718860805.143677 sending message 105 to peer 0x7fb2a4031000 (25 bytes)
1718860805.143682 sending message 105 to peer 0x7fb2a4031000 (25 bytes)
1718860805.143688 sending message 105 to peer 0x7fb2a4031000 (21 bytes)
1718860805.143694 sending message 105 to peer 0x7fb2a4031000 (21 bytes)
1718860805.143700 sending message 105 to peer 0x7fb2a4031000 (28 bytes)
1718860805.143707 sending message 105 to peer 0x7fb2a4031000 (21 bytes)
1718860805.143714 sending message 105 to peer 0x7fb2a4031000 (25 bytes)
1718860805.143720 sending message 105 to peer 0x7fb2a4031000 (32 bytes)
1718860805.143726 sending message 105 to peer 0x7fb2a4031000 (16 bytes)
1718860805.143732 sending message 105 to peer 0x7fb2a4031000 (21 bytes)
1718860805.143738 sending message 105 to peer 0x7fb2a4031000 (30 bytes)
1718860805.143744 sending message 105 to peer 0x7fb2a4031000 (33 bytes)
1718860805.143753 sending message 105 to peer 0x7fb2a4031000 (41 bytes)
1718860805.143761 sending message 105 to peer 0x7fb2a4031000 (29 bytes)
1718860805.143767 sending message 105 to peer 0x7fb2a4031000 (49 bytes)
1718860805.143774 sending message 105 to peer 0x7fb2a4031000 (96 bytes)
1718860805.143780 sending message 105 to peer 0x7fb2a4031000 (55 bytes)
1718860805.143787 sending message 105 to peer 0x7fb2a4031000 (55 bytes)
1718860805.143795 sending message 105 to peer 0x7fb2a4031000 (24 bytes)
1718860805.143801 sending message 105 to peer 0x7fb2a4031000 (50 bytes)
1718860805.143808 sending message 105 to peer 0x7fb2a4031000 (52 bytes)
1718860805.143814 sending message 105 to peer 0x7fb2a4031000 (56 bytes)
1718860805.143820 sending message 105 to peer 0x7fb2a4031000 (56 bytes)
1718860805.143827 sending message 105 to peer 0x7fb2a4031000 (67 bytes)
1718860805.143832 sending message 105 to peer 0x7fb2a4031000 (26 bytes)
1718860805.143839 sending message 105 to peer 0x7fb2a4031000 (75 bytes)
1718860805.143845 sending message 105 to peer 0x7fb2a4031000 (21 bytes)
1718860805.143851 sending message 105 to peer 0x7fb2a4031000 (19 bytes)
1718860805.143857 sending message 105 to peer 0x7fb2a4031000 (49 bytes)
1718860805.143863 sending message 105 to peer 0x7fb2a4031000 (60 bytes)
1718860805.143869 sending message 105 to peer 0x7fb2a4031000 (35 bytes)
1718860805.143875 sending message 105 to peer 0x7fb2a4031000 (29 bytes)
1718860805.143883 sending message 105 to peer 0x7fb2a4031000 (21 bytes)
1718860805.143888 sending message 105 to peer 0x7fb2a4031000 (32 bytes)
1718860805.143906 sending message 105 to peer 0x7fb2a4031000 (34 bytes)
1718860805.143913 sending message 105 to peer 0x7fb2a4031000 (9 bytes)
1718860805.143920 sending message 105 to peer 0x7fb2a4031000 (62 bytes)
1718860805.143926 sending message 105 to peer 0x7fb2a4031000 (71 bytes)
1718860805.143932 sending message 105 to peer 0x7fb2a4031000 (68 bytes)
1718860805.143939 sending message 105 to peer 0x7fb2a4031000 (69 bytes)
1718860805.143945 sending message 105 to peer 0x7fb2a4031000 (38 bytes)
1718860805.143951 sending message 105 to peer 0x7fb2a4031000 (45 bytes)
1718860805.143957 sending message 105 to peer 0x7fb2a4031000 (20 bytes)
1718860805.143964 sending message 105 to peer 0x7fb2a4031000 (14 bytes)
1718860805.143970 sending message 105 to peer 0x7fb2a4031000 (15 bytes)
1718860805.143976 sending message 105 to peer 0x7fb2a4031000 (27 bytes)
1718860805.143982 sending message 105 to peer 0x7fb2a4031000 (18 bytes)
1718860805.143988 sending message 105 to peer 0x7fb2a4031000 (14 bytes)
1718860805.143994 sending message 105 to peer 0x7fb2a4031000 (18 bytes)
1718860805.144001 sending message 105 to peer 0x7fb2a4031000 (20 bytes)
1718860805.144009 sending message 105 to peer 0x7fb2a4031000 (23 bytes)
1718860805.144017 sending message 105 to peer 0x7fb2a4031000 (11 bytes)
1718860805.144024 sending message 105 to peer 0x7fb2a4031000 (16 bytes)
1718860805.144030 sending message 105 to peer 0x7fb2a4031000 (15 bytes)
1718860805.144037 sending message 105 to peer 0x7fb2a4031000 (15 bytes)
1718860805.144043 sending message 105 to peer 0x7fb2a4031000 (15 bytes)
1718860805.144050 sending message 105 to peer 0x7fb2a4031000 (23 bytes)
1718860805.144058 sending message 105 to peer 0x7fb2a4031000 (15 bytes)
1718860805.144067 sending message 105 to peer 0x7fb2a4031000 (17 bytes)
1718860805.144075 sending message 105 to peer 0x7fb2a4031000 (9 bytes)
1718860805.144082 sending message 105 to peer 0x7fb2a4031000 (17 bytes)
1718860805.144089 sending message 105 to peer 0x7fb2a4031000 (14 bytes)
1718860805.144097 sending message 105 to peer 0x7fb2a4031000 (10 bytes)
1718860805.144103 sending message 105 to peer 0x7fb2a4031000 (22 bytes)
1718860805.144109 sending message 106 to peer 0x7fb2a4031000 (0 bytes)
1718860805.144198 sending message 200 to peer 0x7fb2a4031000 (4 bytes)
1718860805.144209 client loop enter
1718860805.144235 client_signal: Child exited: 20
1718860805.293230 peer 0x7fb2a4031000 message 207
1718860805.293259 sending message 208 to peer 0x7fb2a4031000 (0 bytes)
1718860811.278199 peer 0x7fb2a4031000 message 203
1718860811.278222 sending message 205 to peer 0x7fb2a4031000 (0 bytes)
1718860811.278583 peer 0x7fb2a4031000 message 204
1718860811.278631 client loop exit
